Build started 3/5/2013 11:33:18 AM.
     1>Project "P:\COSC 120\Labs\Lab 004\Lab 04c\Lab 04c\Lab 04c.vcxproj" on node 2 (build target(s)).
     1>InitializeBuildStatus:
         Touching "Debug\Lab 04c.unsuccessfulbuild".
       ClCompile:
         c:\Program Files\Microsoft Visual Studio 10.0\VC\bin\CL.exe /c /ZI /nologo /W3 /WX- /Od /Oy- /D WIN32 /D _DEBUG /D _CONSOLE /D _UNICODE /D UNICODE /Gm /EHsc /RTC1 /MDd /GS /fp:precise /Zc:wchar_t /Zc:forScope /Fo"Debug\\" /Fd"Debug\vc100.pdb" /Gd /TP /analyze- /errorReport:prompt test.cpp
         test.cpp
       ManifestResourceCompile:
         All outputs are up-to-date.
       Link:
         c:\Program Files\Microsoft Visual Studio 10.0\VC\bin\link.exe /ERRORREPORT:PROMPT /OUT:"P:\COSC 120\Labs\Lab 004\Lab 04c\Debug\Lab 04c.exe" /INCREMENTAL /NOLOGO kernel32.lib user32.lib gdi32.lib winspool.lib comdlg32.lib advapi32.lib shell32.lib ole32.lib oleaut32.lib uuid.lib odbc32.lib odbccp32.lib /MANIFEST /ManifestFile:"Debug\Lab 04c.exe.intermediate.manifest" /MANIFESTUAC:"level='asInvoker' uiAccess='false'" /DEBUG /PDB:"P:\COSC 120\Labs\Lab 004\Lab 04c\Debug\Lab 04c.pdb" /SUBSYSTEM:CONSOLE /TLBID:1 /DYNAMICBASE /NXCOMPAT /IMPLIB:"P:\COSC 120\Labs\Lab 004\Lab 04c\Debug\Lab 04c.lib" /MACHINE:X86 "Debug\Lab 04c.exe.embed.manifest.res"
         Debug\Lab_04_problem_3c.obj
         Debug\Lab_04_problem_3c2.obj
         Debug\test.obj
       Manifest:
         C:\Program Files\Microsoft SDKs\Windows\v7.0A\bin\mt.exe /nologo /verbose /out:"Debug\Lab 04c.exe.embed.manifest" /manifest "Debug\Lab 04c.exe.intermediate.manifest"
         All outputs are up-to-date.
       LinkEmbedManifest:
         All outputs are up-to-date.
         Lab 04c.vcxproj -> P:\COSC 120\Labs\Lab 004\Lab 04c\Debug\Lab 04c.exe
       FinalizeBuildStatus:
         Deleting file "Debug\Lab 04c.unsuccessfulbuild".
         Touching "Debug\Lab 04c.lastbuildstate".
     1>Done Building Project "P:\COSC 120\Labs\Lab 004\Lab 04c\Lab 04c\Lab 04c.vcxproj" (build target(s)).

Build succeeded.

Time Elapsed 00:00:02.01
