Build started 9/10/2012 9:52:31 AM.
     1>Project "P:\COSC 120 Projects\Projects\Lab 04b\Lab 04b\Lab 04b.vcxproj" on node 2 (build target(s)).
     1>InitializeBuildStatus:
         Creating "Debug\Lab 04b.unsuccessfulbuild" because "AlwaysCreate" was specified.
       ClCompile:
         c:\Program Files (x86)\Microsoft Visual Studio 10.0\VC\bin\CL.exe /c /ZI /nologo /W3 /WX- /Od /Oy- /D WIN32 /D _DEBUG /D _CONSOLE /D _UNICODE /D UNICODE /Gm /EHsc /RTC1 /MDd /GS /fp:precise /Zc:wchar_t /Zc:forScope /Fo"Debug\\" /Fd"Debug\vc100.pdb" /Gd /TP /analyze- /errorReport:prompt Lab_4_Problem_3b.cpp
         Lab_4_Problem_3b.cpp
     1>p:\cosc 120 projects\projects\lab 04b\lab 04b\lab_4_problem_3b.cpp(71): warning C4244: '=' : conversion from 'double' to 'float', possible loss of data
       ManifestResourceCompile:
         All outputs are up-to-date.
       Link:
         c:\Program Files (x86)\Microsoft Visual Studio 10.0\VC\bin\link.exe /ERRORREPORT:PROMPT /OUT:"P:\COSC 120 Projects\Projects\Lab 04b\Debug\Lab 04b.exe" /INCREMENTAL /NOLOGO kernel32.lib user32.lib gdi32.lib winspool.lib comdlg32.lib advapi32.lib shell32.lib ole32.lib oleaut32.lib uuid.lib odbc32.lib odbccp32.lib /MANIFEST /ManifestFile:"Debug\Lab 04b.exe.intermediate.manifest" /MANIFESTUAC:"level='asInvoker' uiAccess='false'" /DEBUG /PDB:"P:\COSC 120 Projects\Projects\Lab 04b\Debug\Lab 04b.pdb" /SUBSYSTEM:CONSOLE /TLBID:1 /DYNAMICBASE /NXCOMPAT /IMPLIB:"P:\COSC 120 Projects\Projects\Lab 04b\Debug\Lab 04b.lib" /MACHINE:X86 "Debug\Lab 04b.exe.embed.manifest.res"
         Debug\Lab_4_Problem_3b.obj
       Manifest:
         C:\Program Files (x86)\Microsoft SDKs\Windows\v7.0A\bin\mt.exe /nologo /verbose /out:"Debug\Lab 04b.exe.embed.manifest" /manifest "Debug\Lab 04b.exe.intermediate.manifest"
         All outputs are up-to-date.
       LinkEmbedManifest:
         All outputs are up-to-date.
         Lab 04b.vcxproj -> P:\COSC 120 Projects\Projects\Lab 04b\Debug\Lab 04b.exe
       FinalizeBuildStatus:
         Deleting file "Debug\Lab 04b.unsuccessfulbuild".
         Touching "Debug\Lab 04b.lastbuildstate".
     1>Done Building Project "P:\COSC 120 Projects\Projects\Lab 04b\Lab 04b\Lab 04b.vcxproj" (build target(s)).

Build succeeded.

Time Elapsed 00:00:01.80
