Build started 9/18/2012 8:59:36 AM.
     1>Project "P:\COSC 120 Projects\Projects\Lab 001\PayRoll\PayRoll\PayRoll.vcxproj" on node 2 (build target(s)).
     1>InitializeBuildStatus:
         Creating "Debug\PayRoll.unsuccessfulbuild" because "AlwaysCreate" was specified.
       ClCompile:
         All outputs are up-to-date.
       ManifestResourceCompile:
         C:\Program Files (x86)\Microsoft SDKs\Windows\v7.0A\bin\rc.exe /nologo /fo"Debug\PayRoll.exe.embed.manifest.res" Debug\PayRoll_manifest.rc 
       Link:
         c:\Program Files (x86)\Microsoft Visual Studio 10.0\VC\bin\link.exe /ERRORREPORT:PROMPT /OUT:"P:\COSC 120 Projects\Projects\Lab 001\PayRoll\Debug\PayRoll.exe" /INCREMENTAL /NOLOGO kernel32.lib user32.lib gdi32.lib winspool.lib comdlg32.lib advapi32.lib shell32.lib ole32.lib oleaut32.lib uuid.lib odbc32.lib odbccp32.lib /MANIFEST /ManifestFile:"Debug\PayRoll.exe.intermediate.manifest" /MANIFESTUAC:"level='asInvoker' uiAccess='false'" /DEBUG /PDB:"P:\COSC 120 Projects\Projects\Lab 001\PayRoll\Debug\PayRoll.pdb" /SUBSYSTEM:CONSOLE /TLBID:1 /DYNAMICBASE /NXCOMPAT /IMPLIB:"P:\COSC 120 Projects\Projects\Lab 001\PayRoll\Debug\PayRoll.lib" /MACHINE:X86 Debug\PayRoll.exe.embed.manifest.res
         Debug\PayRoll.obj
       Manifest:
         C:\Program Files (x86)\Microsoft SDKs\Windows\v7.0A\bin\mt.exe /nologo /verbose /out:"Debug\PayRoll.exe.embed.manifest" /manifest Debug\PayRoll.exe.intermediate.manifest
         C:\Program Files (x86)\Microsoft SDKs\Windows\v7.0A\bin\rc.exe /nologo /fo"Debug\PayRoll.exe.embed.manifest.res" Debug\PayRoll_manifest.rc 
       LinkEmbedManifest:
         c:\Program Files (x86)\Microsoft Visual Studio 10.0\VC\bin\link.exe /ERRORREPORT:PROMPT /OUT:"P:\COSC 120 Projects\Projects\Lab 001\PayRoll\Debug\PayRoll.exe" /INCREMENTAL /NOLOGO kernel32.lib user32.lib gdi32.lib winspool.lib comdlg32.lib advapi32.lib shell32.lib ole32.lib oleaut32.lib uuid.lib odbc32.lib odbccp32.lib /MANIFEST /ManifestFile:"Debug\PayRoll.exe.intermediate.manifest" /MANIFESTUAC:"level='asInvoker' uiAccess='false'" /DEBUG /PDB:"P:\COSC 120 Projects\Projects\Lab 001\PayRoll\Debug\PayRoll.pdb" /SUBSYSTEM:CONSOLE /TLBID:1 /DYNAMICBASE /NXCOMPAT /IMPLIB:"P:\COSC 120 Projects\Projects\Lab 001\PayRoll\Debug\PayRoll.lib" /MACHINE:X86 Debug\PayRoll.exe.embed.manifest.res
         Debug\PayRoll.obj
         PayRoll.vcxproj -> P:\COSC 120 Projects\Projects\Lab 001\PayRoll\Debug\PayRoll.exe
       FinalizeBuildStatus:
         Deleting file "Debug\PayRoll.unsuccessfulbuild".
         Touching "Debug\PayRoll.lastbuildstate".
     1>Done Building Project "P:\COSC 120 Projects\Projects\Lab 001\PayRoll\PayRoll\PayRoll.vcxproj" (build target(s)).

Build succeeded.

Time Elapsed 00:00:01.40
