P:\COSC 120 PROJECTS\HELLO\DEBUG\PAYROLL.EXE
P:\COSC 120 PROJECTS\HELLO\DEBUG\PAYROLL.ILK
P:\COSC 120 PROJECTS\HELLO\DEBUG\PAYROLL.PDB
P:\COSC 120 Projects\PayRoll\PayRoll\Debug\cl.command.1.tlog
P:\COSC 120 Projects\PayRoll\PayRoll\Debug\CL.read.1.tlog
P:\COSC 120 Projects\PayRoll\PayRoll\Debug\CL.write.1.tlog
P:\COSC 120 Projects\PayRoll\PayRoll\Debug\link.5408.read.1.tlog
P:\COSC 120 Projects\PayRoll\PayRoll\Debug\link.5408.write.1.tlog
P:\COSC 120 Projects\PayRoll\PayRoll\Debug\link.5408-cvtres.read.1.tlog
P:\COSC 120 Projects\PayRoll\PayRoll\Debug\link.5408-cvtres.write.1.tlog
P:\COSC 120 Projects\PayRoll\PayRoll\Debug\link.command.1.tlog
P:\COSC 120 Projects\PayRoll\PayRoll\Debug\link.read.1.tlog
P:\COSC 120 Projects\PayRoll\PayRoll\Debug\link.write.1.tlog
P:\COSC 120 Projects\PayRoll\PayRoll\Debug\link-cvtres.read.1.tlog
P:\COSC 120 Projects\PayRoll\PayRoll\Debug\link-cvtres.write.1.tlog
P:\COSC 120 Projects\PayRoll\PayRoll\Debug\mt.command.1.tlog
P:\COSC 120 Projects\PayRoll\PayRoll\Debug\mt.read.1.tlog
P:\COSC 120 Projects\PayRoll\PayRoll\Debug\mt.write.1.tlog
P:\COSC 120 PROJECTS\PAYROLL\PAYROLL\DEBUG\PAYROLL.EXE.EMBED.MANIFEST
P:\COSC 120 PROJECTS\PAYROLL\PAYROLL\DEBUG\PAYROLL.EXE.EMBED.MANIFEST.RES
P:\COSC 120 PROJECTS\PAYROLL\PAYROLL\DEBUG\PAYROLL.EXE.INTERMEDIATE.MANIFEST
P:\COSC 120 PROJECTS\PAYROLL\PAYROLL\DEBUG\PAYROLL.OBJ
P:\COSC 120 Projects\PayRoll\PayRoll\Debug\PayRoll_manifest.rc
P:\COSC 120 Projects\PayRoll\PayRoll\Debug\rc.command.1.tlog
P:\COSC 120 Projects\PayRoll\PayRoll\Debug\rc.read.1.tlog
P:\COSC 120 Projects\PayRoll\PayRoll\Debug\rc.write.1.tlog
P:\COSC 120 Projects\PayRoll\PayRoll\Debug\vc100.idb
P:\COSC 120 PROJECTS\PAYROLL\PAYROLL\DEBUG\VC100.PDB
