Build started 9/6/2012 11:47:10 AM.
     1>Project "P:\COSC 120 Projects\Projects\lAB 03 2.3\lAB 03 2.3\lAB 03 2.3.vcxproj" on node 2 (build target(s)).
     1>InitializeBuildStatus:
         Creating "Debug\Lab 03 2c.unsuccessfulbuild" because "AlwaysCreate" was specified.
       ClCompile:
         c:\Program Files (x86)\Microsoft Visual Studio 10.0\VC\bin\CL.exe /c /ZI /nologo /W3 /WX- /Od /Oy- /D WIN32 /D _DEBUG /D _CONSOLE /D _UNICODE /D UNICODE /Gm /EHsc /RTC1 /MDd /GS /fp:precise /Zc:wchar_t /Zc:forScope /Fo"Debug\\" /Fd"Debug\vc100.pdb" /Gd /TP /analyze- /errorReport:prompt "Problem 2c.cpp"
         Problem 2c.cpp
       ManifestResourceCompile:
         All outputs are up-to-date.
       Link:
         c:\Program Files (x86)\Microsoft Visual Studio 10.0\VC\bin\link.exe /ERRORREPORT:PROMPT /OUT:"P:\COSC 120 Projects\Projects\lAB 03 2.3\Debug\Lab 03 2c.exe" /INCREMENTAL /NOLOGO kernel32.lib user32.lib gdi32.lib winspool.lib comdlg32.lib advapi32.lib shell32.lib ole32.lib oleaut32.lib uuid.lib odbc32.lib odbccp32.lib /MANIFEST /ManifestFile:"Debug\Lab 03 2c.exe.intermediate.manifest" /MANIFESTUAC:"level='asInvoker' uiAccess='false'" /DEBUG /PDB:"P:\COSC 120 Projects\Projects\lAB 03 2.3\Debug\Lab 03 2c.pdb" /SUBSYSTEM:CONSOLE /TLBID:1 /DYNAMICBASE /NXCOMPAT /IMPLIB:"P:\COSC 120 Projects\Projects\lAB 03 2.3\Debug\Lab 03 2c.lib" /MACHINE:X86 "Debug\Lab 03 2c.exe.embed.manifest.res"
         "Debug\Problem 2c.obj"
       Manifest:
         C:\Program Files (x86)\Microsoft SDKs\Windows\v7.0A\bin\mt.exe /nologo /verbose /out:"Debug\Lab 03 2c.exe.embed.manifest" /manifest "Debug\Lab 03 2c.exe.intermediate.manifest"
         All outputs are up-to-date.
       LinkEmbedManifest:
         All outputs are up-to-date.
         lAB 03 2.3.vcxproj -> P:\COSC 120 Projects\Projects\lAB 03 2.3\Debug\Lab 03 2c.exe
       FinalizeBuildStatus:
         Deleting file "Debug\Lab 03 2c.unsuccessfulbuild".
         Touching "Debug\Lab 03 2c.lastbuildstate".
     1>Done Building Project "P:\COSC 120 Projects\Projects\lAB 03 2.3\lAB 03 2.3\lAB 03 2.3.vcxproj" (build target(s)).

Build succeeded.

Time Elapsed 00:00:01.37
