Build started 11/2/2012 9:31:56 AM.
     1>Project "P:\COSC 120 Projects\Labs\Lab 010\Pointers_Lab\Pointers_Lab\Pointers_Lab.vcxproj" on node 2 (build target(s)).
     1>InitializeBuildStatus:
         Creating "Debug\Pointers_Lab.unsuccessfulbuild" because "AlwaysCreate" was specified.
       ClCompile:
         c:\Program Files (x86)\Microsoft Visual Studio 10.0\VC\bin\CL.exe /c /ZI /nologo /W3 /WX- /Od /Oy- /D WIN32 /D _DEBUG /D _CONSOLE /D _UNICODE /D UNICODE /Gm /EHsc /RTC1 /MDd /GS /fp:precise /Zc:wchar_t /Zc:forScope /Fo"Debug\\" /Fd"Debug\vc100.pdb" /Gd /TP /analyze- /errorReport:prompt Problem_10_3.cpp Problem_10_4.cpp
         Problem_10_4.cpp
         Problem_10_3.cpp
         Generating Code...
       ManifestResourceCompile:
         C:\Program Files (x86)\Microsoft SDKs\Windows\v7.0A\bin\rc.exe /nologo /fo"Debug\Pointers_Lab.exe.embed.manifest.res" Debug\Pointers_Lab_manifest.rc 
       Link:
         c:\Program Files (x86)\Microsoft Visual Studio 10.0\VC\bin\link.exe /ERRORREPORT:PROMPT /OUT:"P:\COSC 120 Projects\Labs\Lab 010\Pointers_Lab\Debug\Pointers_Lab.exe" /INCREMENTAL /NOLOGO kernel32.lib user32.lib gdi32.lib winspool.lib comdlg32.lib advapi32.lib shell32.lib ole32.lib oleaut32.lib uuid.lib odbc32.lib odbccp32.lib /MANIFEST /ManifestFile:"Debug\Pointers_Lab.exe.intermediate.manifest" /MANIFESTUAC:"level='asInvoker' uiAccess='false'" /DEBUG /PDB:"P:\COSC 120 Projects\Labs\Lab 010\Pointers_Lab\Debug\Pointers_Lab.pdb" /SUBSYSTEM:CONSOLE /TLBID:1 /DYNAMICBASE /NXCOMPAT /IMPLIB:"P:\COSC 120 Projects\Labs\Lab 010\Pointers_Lab\Debug\Pointers_Lab.lib" /MACHINE:X86 Debug\Pointers_Lab.exe.embed.manifest.res
         Debug\Problem_10_1.obj
         Debug\Problem_10_2.obj
         Debug\Problem_10_3.obj
         Debug\Problem_10_4.obj
       Manifest:
         C:\Program Files (x86)\Microsoft SDKs\Windows\v7.0A\bin\mt.exe /nologo /verbose /out:"Debug\Pointers_Lab.exe.embed.manifest" /manifest Debug\Pointers_Lab.exe.intermediate.manifest
         C:\Program Files (x86)\Microsoft SDKs\Windows\v7.0A\bin\rc.exe /nologo /fo"Debug\Pointers_Lab.exe.embed.manifest.res" Debug\Pointers_Lab_manifest.rc 
       LinkEmbedManifest:
         c:\Program Files (x86)\Microsoft Visual Studio 10.0\VC\bin\link.exe /ERRORREPORT:PROMPT /OUT:"P:\COSC 120 Projects\Labs\Lab 010\Pointers_Lab\Debug\Pointers_Lab.exe" /INCREMENTAL /NOLOGO kernel32.lib user32.lib gdi32.lib winspool.lib comdlg32.lib advapi32.lib shell32.lib ole32.lib oleaut32.lib uuid.lib odbc32.lib odbccp32.lib /MANIFEST /ManifestFile:"Debug\Pointers_Lab.exe.intermediate.manifest" /MANIFESTUAC:"level='asInvoker' uiAccess='false'" /DEBUG /PDB:"P:\COSC 120 Projects\Labs\Lab 010\Pointers_Lab\Debug\Pointers_Lab.pdb" /SUBSYSTEM:CONSOLE /TLBID:1 /DYNAMICBASE /NXCOMPAT /IMPLIB:"P:\COSC 120 Projects\Labs\Lab 010\Pointers_Lab\Debug\Pointers_Lab.lib" /MACHINE:X86 Debug\Pointers_Lab.exe.embed.manifest.res
         Debug\Problem_10_1.obj
         Debug\Problem_10_2.obj
         Debug\Problem_10_3.obj
         Debug\Problem_10_4.obj
         Pointers_Lab.vcxproj -> P:\COSC 120 Projects\Labs\Lab 010\Pointers_Lab\Debug\Pointers_Lab.exe
       FinalizeBuildStatus:
         Deleting file "Debug\Pointers_Lab.unsuccessfulbuild".
         Touching "Debug\Pointers_Lab.lastbuildstate".
     1>Done Building Project "P:\COSC 120 Projects\Labs\Lab 010\Pointers_Lab\Pointers_Lab\Pointers_Lab.vcxproj" (build target(s)).

Build succeeded.

Time Elapsed 00:00:03.38
