Build started 2/5/2013 2:03:08 PM.
     1>Project "P:\COSC 120\Labs\Lab 014\More on Classes\More on Classes\More on Classes.vcxproj" on node 2 (build target(s)).
     1>InitializeBuildStatus:
         Creating "Debug\More on Classes.unsuccessfulbuild" because "AlwaysCreate" was specified.
       ClCompile:
         c:\Program Files\Microsoft Visual Studio 10.0\VC\bin\CL.exe /c /ZI /nologo /W3 /WX- /Od /Oy- /D WIN32 /D _DEBUG /D _CONSOLE /D _UNICODE /D UNICODE /Gm /EHsc /RTC1 /MDd /GS /fp:precise /Zc:wchar_t /Zc:forScope /Fo"Debug\\" /Fd"Debug\vc100.pdb" /Gd /TP /analyze- /errorReport:prompt Problem_11_1.cpp Problem_11_2.cpp Problem_11_3.cpp Problem_11_4.cpp
         Problem_11_4.cpp
         Problem_11_3.cpp
         Problem_11_2.cpp
     1>p:\cosc 120\labs\lab 014\more on classes\more on classes\problem_11_2.cpp(20): warning C4244: '=' : conversion from 'double' to 'int', possible loss of data
         Problem_11_1.cpp
         Generating Code...
       ManifestResourceCompile:
         C:\Program Files\Microsoft SDKs\Windows\v7.0A\bin\rc.exe /nologo /fo"Debug\More on Classes.exe.embed.manifest.res" "Debug\More on Classes_manifest.rc" 
       Link:
         c:\Program Files\Microsoft Visual Studio 10.0\VC\bin\link.exe /ERRORREPORT:PROMPT /OUT:"P:\COSC 120\Labs\Lab 014\More on Classes\Debug\More on Classes.exe" /INCREMENTAL /NOLOGO kernel32.lib user32.lib gdi32.lib winspool.lib comdlg32.lib advapi32.lib shell32.lib ole32.lib oleaut32.lib uuid.lib odbc32.lib odbccp32.lib /MANIFEST /ManifestFile:"Debug\More on Classes.exe.intermediate.manifest" /MANIFESTUAC:"level='asInvoker' uiAccess='false'" /DEBUG /PDB:"P:\COSC 120\Labs\Lab 014\More on Classes\Debug\More on Classes.pdb" /SUBSYSTEM:CONSOLE /TLBID:1 /DYNAMICBASE /NXCOMPAT /IMPLIB:"P:\COSC 120\Labs\Lab 014\More on Classes\Debug\More on Classes.lib" /MACHINE:X86 "Debug\More on Classes.exe.embed.manifest.res"
         Debug\Problem_11_1.obj
         Debug\Problem_11_2.obj
         Debug\Problem_11_3.obj
         Debug\Problem_11_4.obj
       Manifest:
         C:\Program Files\Microsoft SDKs\Windows\v7.0A\bin\mt.exe /nologo /verbose /out:"Debug\More on Classes.exe.embed.manifest" /manifest "Debug\More on Classes.exe.intermediate.manifest"
         All outputs are up-to-date.
       LinkEmbedManifest:
         All outputs are up-to-date.
         More on Classes.vcxproj -> P:\COSC 120\Labs\Lab 014\More on Classes\Debug\More on Classes.exe
       FinalizeBuildStatus:
         Deleting file "Debug\More on Classes.unsuccessfulbuild".
         Touching "Debug\More on Classes.lastbuildstate".
     1>Done Building Project "P:\COSC 120\Labs\Lab 014\More on Classes\More on Classes\More on Classes.vcxproj" (build target(s)).

Build succeeded.

Time Elapsed 00:00:04.60
