Build started 11/6/2012 8:29:36 AM.
     1>Project "P:\COSC 120 Projects\Labs\Lab 011\Structures\Structures\Structures.vcxproj" on node 2 (build target(s)).
     1>InitializeBuildStatus:
         Creating "Debug\Structures.unsuccessfulbuild" because "AlwaysCreate" was specified.
       ClCompile:
         c:\Program Files (x86)\Microsoft Visual Studio 10.0\VC\bin\CL.exe /c /ZI /nologo /W3 /WX- /Od /Oy- /D WIN32 /D _DEBUG /D _CONSOLE /D _UNICODE /D UNICODE /Gm /EHsc /RTC1 /MDd /GS /fp:precise /Zc:wchar_t /Zc:forScope /Fo"Debug\\" /Fd"Debug\vc100.pdb" /Gd /TP /analyze- /errorReport:prompt Problem_8_4.cpp
         Problem_8_4.cpp
       ManifestResourceCompile:
         C:\Program Files (x86)\Microsoft SDKs\Windows\v7.0A\bin\rc.exe /nologo /fo"Debug\Structures.exe.embed.manifest.res" Debug\Structures_manifest.rc 
       Link:
         c:\Program Files (x86)\Microsoft Visual Studio 10.0\VC\bin\link.exe /ERRORREPORT:PROMPT /OUT:"P:\COSC 120 Projects\Labs\Lab 011\Structures\Debug\Structures.exe" /INCREMENTAL /NOLOGO kernel32.lib user32.lib gdi32.lib winspool.lib comdlg32.lib advapi32.lib shell32.lib ole32.lib oleaut32.lib uuid.lib odbc32.lib odbccp32.lib /MANIFEST /ManifestFile:"Debug\Structures.exe.intermediate.manifest" /MANIFESTUAC:"level='asInvoker' uiAccess='false'" /DEBUG /PDB:"P:\COSC 120 Projects\Labs\Lab 011\Structures\Debug\Structures.pdb" /SUBSYSTEM:CONSOLE /TLBID:1 /DYNAMICBASE /NXCOMPAT /IMPLIB:"P:\COSC 120 Projects\Labs\Lab 011\Structures\Debug\Structures.lib" /MACHINE:X86 Debug\Structures.exe.embed.manifest.res
         Debug\Problem_8_1.obj
         Debug\Problem_8_2.obj
         Debug\Problem_8_3.obj
         Debug\Problem_8_4.obj
       Manifest:
         C:\Program Files (x86)\Microsoft SDKs\Windows\v7.0A\bin\mt.exe /nologo /verbose /out:"Debug\Structures.exe.embed.manifest" /manifest Debug\Structures.exe.intermediate.manifest
         C:\Program Files (x86)\Microsoft SDKs\Windows\v7.0A\bin\rc.exe /nologo /fo"Debug\Structures.exe.embed.manifest.res" Debug\Structures_manifest.rc 
       LinkEmbedManifest:
         c:\Program Files (x86)\Microsoft Visual Studio 10.0\VC\bin\link.exe /ERRORREPORT:PROMPT /OUT:"P:\COSC 120 Projects\Labs\Lab 011\Structures\Debug\Structures.exe" /INCREMENTAL /NOLOGO kernel32.lib user32.lib gdi32.lib winspool.lib comdlg32.lib advapi32.lib shell32.lib ole32.lib oleaut32.lib uuid.lib odbc32.lib odbccp32.lib /MANIFEST /ManifestFile:"Debug\Structures.exe.intermediate.manifest" /MANIFESTUAC:"level='asInvoker' uiAccess='false'" /DEBUG /PDB:"P:\COSC 120 Projects\Labs\Lab 011\Structures\Debug\Structures.pdb" /SUBSYSTEM:CONSOLE /TLBID:1 /DYNAMICBASE /NXCOMPAT /IMPLIB:"P:\COSC 120 Projects\Labs\Lab 011\Structures\Debug\Structures.lib" /MACHINE:X86 Debug\Structures.exe.embed.manifest.res
         Debug\Problem_8_1.obj
         Debug\Problem_8_2.obj
         Debug\Problem_8_3.obj
         Debug\Problem_8_4.obj
         Structures.vcxproj -> P:\COSC 120 Projects\Labs\Lab 011\Structures\Debug\Structures.exe
       FinalizeBuildStatus:
         Deleting file "Debug\Structures.unsuccessfulbuild".
         Touching "Debug\Structures.lastbuildstate".
     1>Done Building Project "P:\COSC 120 Projects\Labs\Lab 011\Structures\Structures\Structures.vcxproj" (build target(s)).

Build succeeded.

Time Elapsed 00:00:02.42
