Build started 10/22/2012 10:16:05 AM.
     1>Project "P:\COSC 120 Projects\Labs\Lab 008\Searching_Sorting_Lab\Searching_Sorting_Lab\Searching_Sorting_Lab.vcxproj" on node 2 (build target(s)).
     1>InitializeBuildStatus:
         Creating "Debug\Searching_Sorting_Lab.unsuccessfulbuild" because "AlwaysCreate" was specified.
       ClCompile:
         c:\Program Files (x86)\Microsoft Visual Studio 10.0\VC\bin\CL.exe /c /ZI /nologo /W3 /WX- /Od /Oy- /D WIN32 /D _DEBUG /D _CONSOLE /D _UNICODE /D UNICODE /Gm /EHsc /RTC1 /MDd /GS /fp:precise /Zc:wchar_t /Zc:forScope /Fo"Debug\\" /Fd"Debug\vc100.pdb" /Gd /TP /analyze- /errorReport:prompt Problem_6_4.cpp
         Problem_6_4.cpp
       ManifestResourceCompile:
         All outputs are up-to-date.
       Link:
         c:\Program Files (x86)\Microsoft Visual Studio 10.0\VC\bin\link.exe /ERRORREPORT:PROMPT /OUT:"P:\COSC 120 Projects\Labs\Lab 008\Searching_Sorting_Lab\Debug\Searching_Sorting_Lab.exe" /INCREMENTAL /NOLOGO kernel32.lib user32.lib gdi32.lib winspool.lib comdlg32.lib advapi32.lib shell32.lib ole32.lib oleaut32.lib uuid.lib odbc32.lib odbccp32.lib /MANIFEST /ManifestFile:"Debug\Searching_Sorting_Lab.exe.intermediate.manifest" /MANIFESTUAC:"level='asInvoker' uiAccess='false'" /DEBUG /PDB:"P:\COSC 120 Projects\Labs\Lab 008\Searching_Sorting_Lab\Debug\Searching_Sorting_Lab.pdb" /SUBSYSTEM:CONSOLE /TLBID:1 /DYNAMICBASE /NXCOMPAT /IMPLIB:"P:\COSC 120 Projects\Labs\Lab 008\Searching_Sorting_Lab\Debug\Searching_Sorting_Lab.lib" /MACHINE:X86 Debug\Searching_Sorting_Lab.exe.embed.manifest.res
         Debug\Problem_6_1.obj
         Debug\Problem_6_2.obj
         Debug\Problem_6_3.obj
         Debug\Problem_6_4.obj
       Manifest:
         C:\Program Files (x86)\Microsoft SDKs\Windows\v7.0A\bin\mt.exe /nologo /verbose /out:"Debug\Searching_Sorting_Lab.exe.embed.manifest" /manifest Debug\Searching_Sorting_Lab.exe.intermediate.manifest
         All outputs are up-to-date.
       LinkEmbedManifest:
         All outputs are up-to-date.
         Searching_Sorting_Lab.vcxproj -> P:\COSC 120 Projects\Labs\Lab 008\Searching_Sorting_Lab\Debug\Searching_Sorting_Lab.exe
       FinalizeBuildStatus:
         Deleting file "Debug\Searching_Sorting_Lab.unsuccessfulbuild".
         Touching "Debug\Searching_Sorting_Lab.lastbuildstate".
     1>Done Building Project "P:\COSC 120 Projects\Labs\Lab 008\Searching_Sorting_Lab\Searching_Sorting_Lab\Searching_Sorting_Lab.vcxproj" (build target(s)).

Build succeeded.

Time Elapsed 00:00:01.83
