Build started 9/4/2012 11:22:24 AM.
     1>Project "P:\COSC 120 Projects\Hello\Hello\Hello.vcxproj" on node 2 (build target(s)).
     1>InitializeBuildStatus:
         Creating "Debug\Hello.unsuccessfulbuild" because "AlwaysCreate" was specified.
       ClCompile:
         c:\Program Files\Microsoft Visual Studio 10.0\VC\bin\CL.exe /c /ZI /nologo /W3 /WX- /Od /Oy- /D WIN32 /D _DEBUG /D _CONSOLE /D _UNICODE /D UNICODE /Gm /EHsc /RTC1 /MDd /GS /fp:precise /Zc:wchar_t /Zc:forScope /Fo"Debug\\" /Fd"Debug\vc100.pdb" /Gd /TP /analyze- /errorReport:prompt Hello.cpp
         Hello.cpp
       ManifestResourceCompile:
         All outputs are up-to-date.
       Link:
         c:\Program Files\Microsoft Visual Studio 10.0\VC\bin\link.exe /ERRORREPORT:PROMPT /OUT:"P:\COSC 120 Projects\Hello\Debug\Hello.exe" /INCREMENTAL /NOLOGO kernel32.lib user32.lib gdi32.lib winspool.lib comdlg32.lib advapi32.lib shell32.lib ole32.lib oleaut32.lib uuid.lib odbc32.lib odbccp32.lib /MANIFEST /ManifestFile:"Debug\Hello.exe.intermediate.manifest" /MANIFESTUAC:"level='asInvoker' uiAccess='false'" /DEBUG /PDB:"P:\COSC 120 Projects\Hello\Debug\Hello.pdb" /SUBSYSTEM:CONSOLE /TLBID:1 /DYNAMICBASE /NXCOMPAT /IMPLIB:"P:\COSC 120 Projects\Hello\Debug\Hello.lib" /MACHINE:X86 Debug\Hello.exe.embed.manifest.res
         Debug\Hello.obj
       Manifest:
         C:\Program Files\Microsoft SDKs\Windows\v7.0A\bin\mt.exe /nologo /verbose /out:"Debug\Hello.exe.embed.manifest" /manifest Debug\Hello.exe.intermediate.manifest
         All outputs are up-to-date.
       LinkEmbedManifest:
         All outputs are up-to-date.
         Hello.vcxproj -> P:\COSC 120 Projects\Hello\Debug\Hello.exe
       FinalizeBuildStatus:
         Deleting file "Debug\Hello.unsuccessfulbuild".
         Touching "Debug\Hello.lastbuildstate".
     1>Done Building Project "P:\COSC 120 Projects\Hello\Hello\Hello.vcxproj" (build target(s)).

Build succeeded.

Time Elapsed 00:00:02.91
