P:\COSC 120 PROJECTS\HELLO\DEBUG\HELLO.EXE
P:\COSC 120 PROJECTS\HELLO\DEBUG\HELLO.ILK
P:\COSC 120 PROJECTS\HELLO\DEBUG\HELLO.PDB
P:\COSC 120 Projects\Hello\Hello\Debug\cl.command.1.tlog
P:\COSC 120 Projects\Hello\Hello\Debug\CL.read.1.tlog
P:\COSC 120 Projects\Hello\Hello\Debug\CL.write.1.tlog
P:\COSC 120 PROJECTS\HELLO\HELLO\DEBUG\HELLO.EXE.EMBED.MANIFEST
P:\COSC 120 PROJECTS\HELLO\HELLO\DEBUG\HELLO.EXE.EMBED.MANIFEST.RES
P:\COSC 120 PROJECTS\HELLO\HELLO\DEBUG\HELLO.EXE.INTERMEDIATE.MANIFEST
P:\COSC 120 PROJECTS\HELLO\HELLO\DEBUG\HELLO.OBJ
P:\COSC 120 Projects\Hello\Hello\Debug\Hello_manifest.rc
P:\COSC 120 Projects\Hello\Hello\Debug\link.3980.read.1.tlog
P:\COSC 120 Projects\Hello\Hello\Debug\link.3980.write.1.tlog
P:\COSC 120 Projects\Hello\Hello\Debug\link.3980-cvtres.read.1.tlog
P:\COSC 120 Projects\Hello\Hello\Debug\link.3980-cvtres.write.1.tlog
P:\COSC 120 Projects\Hello\Hello\Debug\link.command.1.tlog
P:\COSC 120 Projects\Hello\Hello\Debug\link.read.1.tlog
P:\COSC 120 Projects\Hello\Hello\Debug\link.write.1.tlog
P:\COSC 120 Projects\Hello\Hello\Debug\link-cvtres.read.1.tlog
P:\COSC 120 Projects\Hello\Hello\Debug\link-cvtres.write.1.tlog
P:\COSC 120 Projects\Hello\Hello\Debug\mt.command.1.tlog
P:\COSC 120 Projects\Hello\Hello\Debug\mt.read.1.tlog
P:\COSC 120 Projects\Hello\Hello\Debug\mt.write.1.tlog
P:\COSC 120 Projects\Hello\Hello\Debug\rc.command.1.tlog
P:\COSC 120 Projects\Hello\Hello\Debug\rc.read.1.tlog
P:\COSC 120 Projects\Hello\Hello\Debug\rc.write.1.tlog
P:\COSC 120 Projects\Hello\Hello\Debug\vc100.idb
P:\COSC 120 PROJECTS\HELLO\HELLO\DEBUG\VC100.PDB
