Build started 9/18/2012 10:04:54 AM.
     1>Project "P:\COSC 120 Projects\Projects\Lab 003\File Read\File_Read\File_Read\File_Read.vcxproj" on node 2 (build target(s)).
     1>InitializeBuildStatus:
         Creating "Debug\File_Read.unsuccessfulbuild" because "AlwaysCreate" was specified.
       ClCompile:
         c:\Program Files (x86)\Microsoft Visual Studio 10.0\VC\bin\CL.exe /c /ZI /nologo /W3 /WX- /Od /Oy- /D WIN32 /D _DEBUG /D _CONSOLE /D _UNICODE /D UNICODE /Gm /EHsc /RTC1 /MDd /GS /fp:precise /Zc:wchar_t /Zc:forScope /Fo"Debug\\" /Fd"Debug\vc100.pdb" /Gd /TP /analyze- /errorReport:prompt File_Read_2.cpp
         File_Read_2.cpp
       ManifestResourceCompile:
         All outputs are up-to-date.
       Link:
         c:\Program Files (x86)\Microsoft Visual Studio 10.0\VC\bin\link.exe /ERRORREPORT:PROMPT /OUT:"P:\COSC 120 Projects\Projects\Lab 003\File Read\File_Read\Debug\File_Read.exe" /INCREMENTAL /NOLOGO kernel32.lib user32.lib gdi32.lib winspool.lib comdlg32.lib advapi32.lib shell32.lib ole32.lib oleaut32.lib uuid.lib odbc32.lib odbccp32.lib /MANIFEST /ManifestFile:"Debug\File_Read.exe.intermediate.manifest" /MANIFESTUAC:"level='asInvoker' uiAccess='false'" /DEBUG /PDB:"P:\COSC 120 Projects\Projects\Lab 003\File Read\File_Read\Debug\File_Read.pdb" /SUBSYSTEM:CONSOLE /TLBID:1 /DYNAMICBASE /NXCOMPAT /IMPLIB:"P:\COSC 120 Projects\Projects\Lab 003\File Read\File_Read\Debug\File_Read.lib" /MACHINE:X86 Debug\File_Read.exe.embed.manifest.res
         Debug\File_Read.obj
         Debug\File_Read_2.obj
       Manifest:
         C:\Program Files (x86)\Microsoft SDKs\Windows\v7.0A\bin\mt.exe /nologo /verbose /out:"Debug\File_Read.exe.embed.manifest" /manifest Debug\File_Read.exe.intermediate.manifest
         All outputs are up-to-date.
       LinkEmbedManifest:
         All outputs are up-to-date.
         File_Read.vcxproj -> P:\COSC 120 Projects\Projects\Lab 003\File Read\File_Read\Debug\File_Read.exe
       FinalizeBuildStatus:
         Deleting file "Debug\File_Read.unsuccessfulbuild".
         Touching "Debug\File_Read.lastbuildstate".
     1>Done Building Project "P:\COSC 120 Projects\Projects\Lab 003\File Read\File_Read\File_Read\File_Read.vcxproj" (build target(s)).

Build succeeded.

Time Elapsed 00:00:01.90
