Build started 11/20/2012 8:37:27 AM.
     1>Project "P:\COSC 120 Projects\Labs\Lab 012\Appendix J\Appendix J\Appendix J.vcxproj" on node 2 (build target(s)).
     1>InitializeBuildStatus:
         Creating "Debug\Appendix J.unsuccessfulbuild" because "AlwaysCreate" was specified.
       ClCompile:
         c:\Program Files (x86)\Microsoft Visual Studio 10.0\VC\bin\CL.exe /c /ZI /nologo /W3 /WX- /Od /Oy- /D WIN32 /D _DEBUG /D _CONSOLE /D _UNICODE /D UNICODE /Gm /EHsc /RTC1 /MDd /GS /fp:precise /Zc:wchar_t /Zc:forScope /Fo"Debug\\" /Fd"Debug\vc100.pdb" /Gd /TP /analyze- /errorReport:prompt Excercise_02.cpp Excercise_03.cpp
         Excercise_03.cpp
         Excercise_02.cpp
         Generating Code...
       ManifestResourceCompile:
         All outputs are up-to-date.
       Link:
         c:\Program Files (x86)\Microsoft Visual Studio 10.0\VC\bin\link.exe /ERRORREPORT:PROMPT /OUT:"P:\COSC 120 Projects\Labs\Lab 012\Appendix J\Debug\Appendix J.exe" /INCREMENTAL /NOLOGO kernel32.lib user32.lib gdi32.lib winspool.lib comdlg32.lib advapi32.lib shell32.lib ole32.lib oleaut32.lib uuid.lib odbc32.lib odbccp32.lib /MANIFEST /ManifestFile:"Debug\Appendix J.exe.intermediate.manifest" /MANIFESTUAC:"level='asInvoker' uiAccess='false'" /DEBUG /PDB:"P:\COSC 120 Projects\Labs\Lab 012\Appendix J\Debug\Appendix J.pdb" /SUBSYSTEM:CONSOLE /TLBID:1 /DYNAMICBASE /NXCOMPAT /IMPLIB:"P:\COSC 120 Projects\Labs\Lab 012\Appendix J\Debug\Appendix J.lib" /MACHINE:X86 "Debug\Appendix J.exe.embed.manifest.res"
         Debug\Excercise_02.obj
         Debug\Excercise_03.obj
         Debug\Lab_01.obj
       Manifest:
         C:\Program Files (x86)\Microsoft SDKs\Windows\v7.0A\bin\mt.exe /nologo /verbose /out:"Debug\Appendix J.exe.embed.manifest" /manifest "Debug\Appendix J.exe.intermediate.manifest"
         All outputs are up-to-date.
       LinkEmbedManifest:
         All outputs are up-to-date.
         Appendix J.vcxproj -> P:\COSC 120 Projects\Labs\Lab 012\Appendix J\Debug\Appendix J.exe
       FinalizeBuildStatus:
         Deleting file "Debug\Appendix J.unsuccessfulbuild".
         Touching "Debug\Appendix J.lastbuildstate".
     1>Done Building Project "P:\COSC 120 Projects\Labs\Lab 012\Appendix J\Appendix J\Appendix J.vcxproj" (build target(s)).

Build succeeded.

Time Elapsed 00:00:02.20
