Build started 2/5/2013 2:51:53 PM.
     1>Project "P:\COSC 120\Labs\Lab 006\Lab_006\Lab_006\Lab_006.vcxproj" on node 2 (build target(s)).
     1>InitializeBuildStatus:
         Creating "Debug\Lab_006.unsuccessfulbuild" because "AlwaysCreate" was specified.
       ClCompile:
         c:\Program Files\Microsoft Visual Studio 10.0\VC\bin\CL.exe /c /ZI /nologo /W3 /WX- /Od /Oy- /D WIN32 /D _DEBUG /D _CONSOLE /D _UNICODE /D UNICODE /Gm /EHsc /RTC1 /MDd /GS /fp:precise /Zc:wchar_t /Zc:forScope /Fo"Debug\\" /Fd"Debug\vc100.pdb" /Gd /TP /analyze- /errorReport:prompt test.cpp
         test.cpp
       ManifestResourceCompile:
         All outputs are up-to-date.
       Link:
         c:\Program Files\Microsoft Visual Studio 10.0\VC\bin\link.exe /ERRORREPORT:PROMPT /OUT:"P:\COSC 120\Labs\Lab 006\Lab_006\Debug\Lab_006.exe" /INCREMENTAL /NOLOGO kernel32.lib user32.lib gdi32.lib winspool.lib comdlg32.lib advapi32.lib shell32.lib ole32.lib oleaut32.lib uuid.lib odbc32.lib odbccp32.lib /MANIFEST /ManifestFile:"Debug\Lab_006.exe.intermediate.manifest" /MANIFESTUAC:"level='asInvoker' uiAccess='false'" /DEBUG /PDB:"P:\COSC 120\Labs\Lab 006\Lab_006\Debug\Lab_006.pdb" /SUBSYSTEM:CONSOLE /TLBID:1 /DYNAMICBASE /NXCOMPAT /IMPLIB:"P:\COSC 120\Labs\Lab 006\Lab_006\Debug\Lab_006.lib" /MACHINE:X86 Debug\Lab_006.exe.embed.manifest.res
         Debug\Excercise_1_1.obj
         Debug\Excercise_1_2.obj
         Debug\Excercise_1_3.obj
         Debug\Excercise_1_4.obj
         Debug\Excercise_1_5.obj
         Debug\test.obj
       Manifest:
         C:\Program Files\Microsoft SDKs\Windows\v7.0A\bin\mt.exe /nologo /verbose /out:"Debug\Lab_006.exe.embed.manifest" /manifest Debug\Lab_006.exe.intermediate.manifest
         All outputs are up-to-date.
       LinkEmbedManifest:
         All outputs are up-to-date.
         Lab_006.vcxproj -> P:\COSC 120\Labs\Lab 006\Lab_006\Debug\Lab_006.exe
       FinalizeBuildStatus:
         Deleting file "Debug\Lab_006.unsuccessfulbuild".
         Touching "Debug\Lab_006.lastbuildstate".
     1>Done Building Project "P:\COSC 120\Labs\Lab 006\Lab_006\Lab_006\Lab_006.vcxproj" (build target(s)).

Build succeeded.

Time Elapsed 00:00:01.84
