Build started 9/4/2012 11:18:45 AM.
     1>Project "P:\COSC 120 Projects\MilesPerHour\MilesPerHour\MilesPerHour.vcxproj" on node 2 (rebuild target(s)).
     1>_PrepareForClean:
         Deleting file "Debug\MilesPerHour.lastbuildstate".
       InitializeBuildStatus:
         Creating "Debug\MilesPerHour.unsuccessfulbuild" because "AlwaysCreate" was specified.
       ClCompile:
         c:\Program Files\Microsoft Visual Studio 10.0\VC\bin\CL.exe /c /ZI /nologo /W3 /WX- /Od /Oy- /D WIN32 /D _DEBUG /D _CONSOLE /D _UNICODE /D UNICODE /Gm /EHsc /RTC1 /MDd /GS /fp:precise /Zc:wchar_t /Zc:forScope /Fo"Debug\\" /Fd"Debug\vc100.pdb" /Gd /TP /analyze- /errorReport:prompt MilesPerHour.cpp
         MilesPerHour.cpp
       ManifestResourceCompile:
         C:\Program Files\Microsoft SDKs\Windows\v7.0A\bin\rc.exe /nologo /fo"Debug\MilesPerHour.exe.embed.manifest.res" Debug\MilesPerHour_manifest.rc 
       Link:
         c:\Program Files\Microsoft Visual Studio 10.0\VC\bin\link.exe /ERRORREPORT:PROMPT /OUT:"P:\COSC 120 Projects\Hello\Debug\MilesPerHour.exe" /INCREMENTAL /NOLOGO kernel32.lib user32.lib gdi32.lib winspool.lib comdlg32.lib advapi32.lib shell32.lib ole32.lib oleaut32.lib uuid.lib odbc32.lib odbccp32.lib /MANIFEST /ManifestFile:"Debug\MilesPerHour.exe.intermediate.manifest" /MANIFESTUAC:"level='asInvoker' uiAccess='false'" /DEBUG /PDB:"P:\COSC 120 Projects\Hello\Debug\MilesPerHour.pdb" /SUBSYSTEM:CONSOLE /TLBID:1 /DYNAMICBASE /NXCOMPAT /IMPLIB:"P:\COSC 120 Projects\Hello\Debug\MilesPerHour.lib" /MACHINE:X86 Debug\MilesPerHour.exe.embed.manifest.res
         Debug\MilesPerHour.obj
       Manifest:
         Deleting file "Debug\MilesPerHour.exe.embed.manifest".
         C:\Program Files\Microsoft SDKs\Windows\v7.0A\bin\mt.exe /nologo /verbose /out:"Debug\MilesPerHour.exe.embed.manifest" /manifest Debug\MilesPerHour.exe.intermediate.manifest
         C:\Program Files\Microsoft SDKs\Windows\v7.0A\bin\rc.exe /nologo /fo"Debug\MilesPerHour.exe.embed.manifest.res" Debug\MilesPerHour_manifest.rc 
       LinkEmbedManifest:
         c:\Program Files\Microsoft Visual Studio 10.0\VC\bin\link.exe /ERRORREPORT:PROMPT /OUT:"P:\COSC 120 Projects\Hello\Debug\MilesPerHour.exe" /INCREMENTAL /NOLOGO kernel32.lib user32.lib gdi32.lib winspool.lib comdlg32.lib advapi32.lib shell32.lib ole32.lib oleaut32.lib uuid.lib odbc32.lib odbccp32.lib /MANIFEST /ManifestFile:"Debug\MilesPerHour.exe.intermediate.manifest" /MANIFESTUAC:"level='asInvoker' uiAccess='false'" /DEBUG /PDB:"P:\COSC 120 Projects\Hello\Debug\MilesPerHour.pdb" /SUBSYSTEM:CONSOLE /TLBID:1 /DYNAMICBASE /NXCOMPAT /IMPLIB:"P:\COSC 120 Projects\Hello\Debug\MilesPerHour.lib" /MACHINE:X86 Debug\MilesPerHour.exe.embed.manifest.res
         Debug\MilesPerHour.obj
         MilesPerHour.vcxproj -> P:\COSC 120 Projects\Hello\Debug\MilesPerHour.exe
       FinalizeBuildStatus:
         Deleting file "Debug\MilesPerHour.unsuccessfulbuild".
         Touching "Debug\MilesPerHour.lastbuildstate".
     1>Done Building Project "P:\COSC 120 Projects\MilesPerHour\MilesPerHour\MilesPerHour.vcxproj" (rebuild target(s)).

Build succeeded.

Time Elapsed 00:00:04.88
