P:\COSC 120 PROJECTS\HELLO\DEBUG\MILESPERHOUR.EXE
P:\COSC 120 PROJECTS\HELLO\DEBUG\MILESPERHOUR.ILK
P:\COSC 120 PROJECTS\HELLO\DEBUG\MILESPERHOUR.PDB
P:\COSC 120 Projects\MilesPerHour\MilesPerHour\Debug\cl.command.1.tlog
P:\COSC 120 Projects\MilesPerHour\MilesPerHour\Debug\CL.read.1.tlog
P:\COSC 120 Projects\MilesPerHour\MilesPerHour\Debug\CL.write.1.tlog
P:\COSC 120 Projects\MilesPerHour\MilesPerHour\Debug\link.5724.read.1.tlog
P:\COSC 120 Projects\MilesPerHour\MilesPerHour\Debug\link.5724.write.1.tlog
P:\COSC 120 Projects\MilesPerHour\MilesPerHour\Debug\link.5724-cvtres.read.1.tlog
P:\COSC 120 Projects\MilesPerHour\MilesPerHour\Debug\link.5724-cvtres.write.1.tlog
P:\COSC 120 Projects\MilesPerHour\MilesPerHour\Debug\link.command.1.tlog
P:\COSC 120 Projects\MilesPerHour\MilesPerHour\Debug\link.read.1.tlog
P:\COSC 120 Projects\MilesPerHour\MilesPerHour\Debug\link.write.1.tlog
P:\COSC 120 Projects\MilesPerHour\MilesPerHour\Debug\link-cvtres.read.1.tlog
P:\COSC 120 Projects\MilesPerHour\MilesPerHour\Debug\link-cvtres.write.1.tlog
P:\COSC 120 PROJECTS\MILESPERHOUR\MILESPERHOUR\DEBUG\MILESPERHOUR.EXE.EMBED.MANIFEST
P:\COSC 120 PROJECTS\MILESPERHOUR\MILESPERHOUR\DEBUG\MILESPERHOUR.EXE.EMBED.MANIFEST.RES
P:\COSC 120 PROJECTS\MILESPERHOUR\MILESPERHOUR\DEBUG\MILESPERHOUR.EXE.INTERMEDIATE.MANIFEST
P:\COSC 120 PROJECTS\MILESPERHOUR\MILESPERHOUR\DEBUG\MILESPERHOUR.OBJ
P:\COSC 120 Projects\MilesPerHour\MilesPerHour\Debug\MilesPerHour_manifest.rc
P:\COSC 120 Projects\MilesPerHour\MilesPerHour\Debug\mt.command.1.tlog
P:\COSC 120 Projects\MilesPerHour\MilesPerHour\Debug\mt.read.1.tlog
P:\COSC 120 Projects\MilesPerHour\MilesPerHour\Debug\mt.write.1.tlog
P:\COSC 120 Projects\MilesPerHour\MilesPerHour\Debug\rc.command.1.tlog
P:\COSC 120 Projects\MilesPerHour\MilesPerHour\Debug\rc.read.1.tlog
P:\COSC 120 Projects\MilesPerHour\MilesPerHour\Debug\rc.write.1.tlog
P:\COSC 120 Projects\MilesPerHour\MilesPerHour\Debug\vc100.idb
P:\COSC 120 PROJECTS\MILESPERHOUR\MILESPERHOUR\DEBUG\VC100.PDB
