Build started 9/18/2012 8:54:13 AM.
     1>Project "P:\COSC 120 Projects\Projects\Lab 002\Problem 1\Lab_02a\Lab_02a.vcxproj" on node 2 (build target(s)).
     1>InitializeBuildStatus:
         Creating "Debug\Problem_1.unsuccessfulbuild" because "AlwaysCreate" was specified.
       ClCompile:
         c:\Program Files (x86)\Microsoft Visual Studio 10.0\VC\bin\CL.exe /c /ZI /nologo /W3 /WX- /Od /Oy- /D WIN32 /D _DEBUG /D _CONSOLE /D _UNICODE /D UNICODE /Gm /EHsc /RTC1 /MDd /GS /fp:precise /Zc:wchar_t /Zc:forScope /Fo"Debug\\" /Fd"Debug\vc100.pdb" /Gd /TP /analyze- /errorReport:prompt Problem_01.cpp
         Problem_01.cpp
       ManifestResourceCompile:
         C:\Program Files (x86)\Microsoft SDKs\Windows\v7.0A\bin\rc.exe /nologo /fo"Debug\Problem_1.exe.embed.manifest.res" Debug\Problem_1_manifest.rc 
       Link:
         c:\Program Files (x86)\Microsoft Visual Studio 10.0\VC\bin\link.exe /ERRORREPORT:PROMPT /OUT:"P:\COSC 120 Projects\Projects\Lab 002\Problem 1\Debug\Problem_1.exe" /INCREMENTAL /NOLOGO kernel32.lib user32.lib gdi32.lib winspool.lib comdlg32.lib advapi32.lib shell32.lib ole32.lib oleaut32.lib uuid.lib odbc32.lib odbccp32.lib /MANIFEST /ManifestFile:"Debug\Problem_1.exe.intermediate.manifest" /MANIFESTUAC:"level='asInvoker' uiAccess='false'" /DEBUG /PDB:"P:\COSC 120 Projects\Projects\Lab 002\Problem 1\Debug\Problem_1.pdb" /SUBSYSTEM:CONSOLE /TLBID:1 /DYNAMICBASE /NXCOMPAT /IMPLIB:"P:\COSC 120 Projects\Projects\Lab 002\Problem 1\Debug\Problem_1.lib" /MACHINE:X86 Debug\Problem_1.exe.embed.manifest.res
         Debug\Problem_01.obj
       Manifest:
         C:\Program Files (x86)\Microsoft SDKs\Windows\v7.0A\bin\mt.exe /nologo /verbose /out:"Debug\Problem_1.exe.embed.manifest" /manifest Debug\Problem_1.exe.intermediate.manifest
         C:\Program Files (x86)\Microsoft SDKs\Windows\v7.0A\bin\rc.exe /nologo /fo"Debug\Problem_1.exe.embed.manifest.res" Debug\Problem_1_manifest.rc 
       LinkEmbedManifest:
         c:\Program Files (x86)\Microsoft Visual Studio 10.0\VC\bin\link.exe /ERRORREPORT:PROMPT /OUT:"P:\COSC 120 Projects\Projects\Lab 002\Problem 1\Debug\Problem_1.exe" /INCREMENTAL /NOLOGO kernel32.lib user32.lib gdi32.lib winspool.lib comdlg32.lib advapi32.lib shell32.lib ole32.lib oleaut32.lib uuid.lib odbc32.lib odbccp32.lib /MANIFEST /ManifestFile:"Debug\Problem_1.exe.intermediate.manifest" /MANIFESTUAC:"level='asInvoker' uiAccess='false'" /DEBUG /PDB:"P:\COSC 120 Projects\Projects\Lab 002\Problem 1\Debug\Problem_1.pdb" /SUBSYSTEM:CONSOLE /TLBID:1 /DYNAMICBASE /NXCOMPAT /IMPLIB:"P:\COSC 120 Projects\Projects\Lab 002\Problem 1\Debug\Problem_1.lib" /MACHINE:X86 Debug\Problem_1.exe.embed.manifest.res
         Debug\Problem_01.obj
         Lab_02a.vcxproj -> P:\COSC 120 Projects\Projects\Lab 002\Problem 1\Debug\Problem_1.exe
       FinalizeBuildStatus:
         Deleting file "Debug\Problem_1.unsuccessfulbuild".
         Touching "Debug\Problem_1.lastbuildstate".
     1>Done Building Project "P:\COSC 120 Projects\Projects\Lab 002\Problem 1\Lab_02a\Lab_02a.vcxproj" (build target(s)).

Build succeeded.

Time Elapsed 00:00:02.76
