Build started 10/30/2012 3:46:02 PM.
     1>Project "P:\COSC 120 Projects\Labs\Lab 009\Problem_9_1\Problem_9_1\Problem_9_1.vcxproj" on node 2 (build target(s)).
     1>InitializeBuildStatus:
         Creating "Debug\Character_and_Strings.unsuccessfulbuild" because "AlwaysCreate" was specified.
       ClCompile:
         c:\Program Files (x86)\Microsoft Visual Studio 10.0\VC\bin\CL.exe /c /ZI /nologo /W3 /WX- /Od /Oy- /D WIN32 /D _DEBUG /D _CONSOLE /D _UNICODE /D UNICODE /Gm /EHsc /RTC1 /MDd /GS /fp:precise /Zc:wchar_t /Zc:forScope /Fo"Debug\\" /Fd"Debug\vc100.pdb" /Gd /TP /analyze- /errorReport:prompt Problem_9_7.cpp
         Problem_9_7.cpp
       ManifestResourceCompile:
         All outputs are up-to-date.
       Link:
         c:\Program Files (x86)\Microsoft Visual Studio 10.0\VC\bin\link.exe /ERRORREPORT:PROMPT /OUT:"P:\COSC 120 Projects\Labs\Lab 009\Problem_9_1\Debug\Character_and_Strings.exe" /INCREMENTAL /NOLOGO kernel32.lib user32.lib gdi32.lib winspool.lib comdlg32.lib advapi32.lib shell32.lib ole32.lib oleaut32.lib uuid.lib odbc32.lib odbccp32.lib /MANIFEST /ManifestFile:"Debug\Character_and_Strings.exe.intermediate.manifest" /MANIFESTUAC:"level='asInvoker' uiAccess='false'" /DEBUG /PDB:"P:\COSC 120 Projects\Labs\Lab 009\Problem_9_1\Debug\Character_and_Strings.pdb" /SUBSYSTEM:CONSOLE /TLBID:1 /DYNAMICBASE /NXCOMPAT /IMPLIB:"P:\COSC 120 Projects\Labs\Lab 009\Problem_9_1\Debug\Character_and_Strings.lib" /MACHINE:X86 Debug\Character_and_Strings.exe.embed.manifest.res
         Debug\Problem_9_1.obj
         Debug\Problem_9_2.obj
         Debug\Problem_9_3.obj
         Debug\Problem_9_7.obj
       Manifest:
         C:\Program Files (x86)\Microsoft SDKs\Windows\v7.0A\bin\mt.exe /nologo /verbose /out:"Debug\Character_and_Strings.exe.embed.manifest" /manifest Debug\Character_and_Strings.exe.intermediate.manifest
         All outputs are up-to-date.
       LinkEmbedManifest:
         All outputs are up-to-date.
         Problem_9_1.vcxproj -> P:\COSC 120 Projects\Labs\Lab 009\Problem_9_1\Debug\Character_and_Strings.exe
       FinalizeBuildStatus:
         Deleting file "Debug\Character_and_Strings.unsuccessfulbuild".
         Touching "Debug\Character_and_Strings.lastbuildstate".
     1>Done Building Project "P:\COSC 120 Projects\Labs\Lab 009\Problem_9_1\Problem_9_1\Problem_9_1.vcxproj" (build target(s)).

Build succeeded.

Time Elapsed 00:00:01.79
